[    0.000000] Initializing cgroup subsys cpuset
[    0.000000] Initializing cgroup subsys cpu
[    0.000000] Initializing cgroup subsys cpuacct
[    0.000000] Linux version 4.4.0-116-generic (buildd@lgw01-amd64-021) (gcc version 5.4.0 20160609 (Ubuntu 5.4.0-6ubuntu1~16.04.9) ) #140-Ubuntu SMP Mon Feb 12 21:23:04 UTC 2018 (Ubuntu 4.4.0-116.140-generic 4.4.98)
[    0.000000] Command line: BOOT_IMAGE=/boot/vmlinuz-4.4.0-116-generic root=UUID=ee8827e1-8636-41fb-9829-982477f6eec9 ro console=tty1 console=ttyS0
[    0.000000] KERNEL supported cpus:
[    0.000000]   Intel GenuineIntel
[    0.000000]   AMD AuthenticAMD
[    0.000000]   Centaur CentaurHauls
[    0.000000] x86/fpu: Supporting XSAVE feature 0x01: 'x87 floating point registers'
[    0.000000] x86/fpu: Supporting XSAVE feature 0x02: 'SSE registers'
[    0.000000] x86/fpu: Enabled xstate features 0x3, context size is 576 bytes, using 'standard' format.
[    0.000000] x86/fpu: Using 'lazy' FPU context switches.
[    0.000000] e820: BIOS-provided physical RAM map:
[    0.000000] BIOS-e820: [mem 0x0000000000000000-0x000000000009fbff] usable
[    0.000000] BIOS-e820: [mem 0x000000000009fc00-0x000000000009ffff] reserved
[    0.000000] BIOS-e820: [mem 0x00000000000f0000-0x00000000000fffff] reserved
[    0.000000] BIOS-e820: [mem 0x0000000000100000-0x000000003ffeffff] usable
[    0.000000] BIOS-e820: [mem 0x000000003fff0000-0x000000003fffffff] ACPI data
[    0.000000] BIOS-e820: [mem 0x00000000fec00000-0x00000000fec00fff] reserved
[    0.000000] BIOS-e820: [mem 0x00000000fee00000-0x00000000fee00fff] reserved
[    0.000000] BIOS-e820: [mem 0x00000000fffc0000-0x00000000ffffffff] reserved
[    0.000000] NX (Execute Disable) protection: active
[    0.000000] SMBIOS 2.5 present.
[    0.000000] Hypervisor detected: KVM
[    0.000000] e820: last_pfn = 0x3fff0 max_arch_pfn = 0x400000000
[    0.000000] MTRR: Disabled
[    0.000000] x86/PAT: MTRRs disabled, skipping PAT initialization too.
[    0.000000] CPU MTRRs all blank - virtualized system.
[    0.000000] x86/PAT: Configuration [0-7]: WB  WT  UC- UC  WB  WT  UC- UC  
[    0.000000] found SMP MP-table at [mem 0x0009fff0-0x0009ffff] mapped at [ffff88000009fff0]
[    0.000000] Scanning 1 areas for low memory corruption
[    0.000000] RAMDISK: [mem 0x3621a000-0x37104fff]
[    0.000000] ACPI: Early table checksum verification disabled
[    0.000000] ACPI: RSDP 0x00000000000E0000 000024 (v02 VBOX  )
[    0.000000] ACPI: XSDT 0x000000003FFF0030 00003C (v01 VBOX   VBOXXSDT 00000001 ASL  00000061)
[    0.000000] ACPI: FACP 0x000000003FFF00F0 0000F4 (v04 VBOX   VBOXFACP 00000001 ASL  00000061)
[    0.000000] ACPI: DSDT 0x000000003FFF0470 0021FF (v02 VBOX   VBOXBIOS 00000002 INTL 20160108)
[    0.000000] ACPI: FACS 0x000000003FFF0200 000040
[    0.000000] ACPI: FACS 0x000000003FFF0200 000040
[    0.000000] ACPI: APIC 0x000000003FFF0240 00005C (v02 VBOX   VBOXAPIC 00000001 ASL  00000061)
[    0.000000] ACPI: SSDT 0x000000003FFF02A0 0001CC (v01 VBOX   VBOXCPUT 00000002 INTL 20160108)
[    0.000000] No NUMA configuration found
[    0.000000] Faking a node at [mem 0x0000000000000000-0x000000003ffeffff]
[    0.000000] NODE_DATA(0) allocated [mem 0x3ffeb000-0x3ffeffff]
[    0.000000] kvm-clock: Using msrs 4b564d01 and 4b564d00
[    0.000000] kvm-clock: cpu 0, msr 0:3ffe3001, primary cpu clock
[    0.000000] kvm-clock: using sched offset of 3371708219 cycles
[    0.000000] clocksource: kvm-clock: mask: 0xffffffffffffffff max_cycles: 0x1cd42e4dffb, max_idle_ns: 881590591483 ns
[    0.000000] Zone ranges:
[    0.000000]   DMA      [mem 0x0000000000001000-0x0000000000ffffff]
[    0.000000]   DMA32    [mem 0x0000000001000000-0x000000003ffeffff]
[    0.000000]   Normal   empty
[    0.000000]   Device   empty
[    0.000000] Movable zone start for each node
[    0.000000] Early memory node ranges
[    0.000000]   node   0: [mem 0x0000000000001000-0x000000000009efff]
[    0.000000]   node   0: [mem 0x0000000000100000-0x000000003ffeffff]
[    0.000000] Initmem setup node 0 [mem 0x0000000000001000-0x000000003ffeffff]
[    0.000000] ACPI: PM-Timer IO Port: 0x4008
[    0.000000] IOAPIC[0]: apic_id 2, version 32, address 0xfec00000, GSI 0-23
[    0.000000] ACPI: INT_SRC_OVR (bus 0 bus_irq 0 global_irq 2 dfl dfl)
[    0.000000] ACPI: INT_SRC_OVR (bus 0 bus_irq 9 global_irq 9 high level)
[    0.000000] Using ACPI (MADT) for SMP configuration information
[    0.000000] smpboot: Allowing 2 CPUs, 0 hotplug CPUs
[    0.000000] PM: Registered nosave memory: [mem 0x00000000-0x00000fff]
[    0.000000] PM: Registered nosave memory: [mem 0x0009f000-0x0009ffff]
[    0.000000] PM: Registered nosave memory: [mem 0x000a0000-0x000effff]
[    0.000000] PM: Registered nosave memory: [mem 0x000f0000-0x000fffff]
[    0.000000] e820: [mem 0x40000000-0xfebfffff] available for PCI devices
[    0.000000] Booting paravirtualized kernel on KVM
[    0.000000] clocksource: refined-jiffies: mask: 0xffffffff max_cycles: 0xffffffff, max_idle_ns: 7645519600211568 ns
[    0.000000] setup_percpu: NR_CPUS:512 nr_cpumask_bits:512 nr_cpu_ids:2 nr_node_ids:1
[    0.000000] PERCPU: Embedded 34 pages/cpu @ffff88003fc00000 s99544 r8192 d31528 u1048576
[    0.000000] PV qspinlock hash table entries: 256 (order: 0, 4096 bytes)
[    0.000000] Built 1 zonelists in Node order, mobility grouping on.  Total pages: 257913
[    0.000000] Policy zone: DMA32
[    0.000000] Kernel command line: BOOT_IMAGE=/boot/vmlinuz-4.4.0-116-generic root=UUID=ee8827e1-8636-41fb-9829-982477f6eec9 ro console=tty1 console=ttyS0
[    0.000000] PID hash table entries: 4096 (order: 3, 32768 bytes)
[    0.000000] Memory: 997256K/1048120K available (8530K kernel code, 1309K rwdata, 3992K rodata, 1508K init, 1316K bss, 50864K reserved, 0K cma-reserved)
[    0.000000] SLUB: HWalign=64, Order=0-3, MinObjects=0, CPUs=2, Nodes=1
[    0.000000] Kernel/User page tables isolation: enabled
[    0.000000] Hierarchical RCU implementation.
[    0.000000] 	Build-time adjustment of leaf fanout to 64.
[    0.000000] 	RCU restricting CPUs from NR_CPUS=512 to nr_cpu_ids=2.
[    0.000000] RCU: Adjusting geometry for rcu_fanout_leaf=64, nr_cpu_ids=2
[    0.000000] NR_IRQS:33024 nr_irqs:440 16
[    0.000000] Console: colour VGA+ 80x25
[    0.000000] console [tty1] enabled
[    0.000000] console [ttyS0] enabled
[    0.000000] tsc: Detected 3092.836 MHz processor
[    1.580534] Calibrating delay loop (skipped) preset value.. 6185.67 BogoMIPS (lpj=12371344)
[    1.602311] pid_max: default: 32768 minimum: 301
[    1.637582] ACPI: Core revision 20150930
[    1.674617] ACPI: 2 ACPI AML tables successfully acquired and loaded
[    1.786723] Security Framework initialized
[    1.797305] Yama: becoming mindful.
[    1.826600] AppArmor: AppArmor initialized
[    1.849612] Dentry cache hash table entries: 131072 (order: 8, 1048576 bytes)
[    1.934277] Inode-cache hash table entries: 65536 (order: 7, 524288 bytes)
[    1.946273] Mount-cache hash table entries: 2048 (order: 2, 16384 bytes)
[    1.952782] Mountpoint-cache hash table entries: 2048 (order: 2, 16384 bytes)
[    1.959470] Initializing cgroup subsys io
[    1.972398] Initializing cgroup subsys memory
[    1.973041] Initializing cgroup subsys devices
[    1.973676] Initializing cgroup subsys freezer
[    1.974309] Initializing cgroup subsys net_cls
[    1.974941] Initializing cgroup subsys perf_event
[    1.999480] Initializing cgroup subsys net_prio
[    2.000425] Initializing cgroup subsys hugetlb
[    2.001309] Initializing cgroup subsys pids
[    2.002216] CPU: Physical Processor ID: 0
[    2.003032] CPU: Processor Core ID: 0
[    2.003827] FEATURE SPEC_CTRL Not Present
[    2.005423] mce: CPU supports 0 MCE banks
[    2.006260] Last level iTLB entries: 4KB 1024, 2MB 1024, 4MB 1024
[    2.007393] Last level dTLB entries: 4KB 1024, 2MB 1024, 4MB 1024, 1GB 4
[    2.009164] Spectre V2 mitigation: Mitigation: Full generic retpoline
[    2.010352] Spectre V2 mitigation: Speculation control IBPB not-supported IBRS not-supported
[    2.013520] Freeing SMP alternatives memory: 32K
[    2.021763] ftrace: allocating 32186 entries in 126 pages
[    2.081412] smpboot: APIC(0) Converting physical 0 to logical package 0
[    2.124720] smpboot: Max logical packages: 1
[    2.146975] x2apic enabled
[    2.154117] Switched APIC routing to physical x2apic.
[    2.155870] ..TIMER: vector=0x30 apic1=0 pin1=2 apic2=-1 pin2=-1
[    2.276161] smpboot: CPU0: Intel(R) Pentium(R) CPU G3240 @ 3.10GHz (family: 0x6, model: 0x3c, stepping: 0x3)
[    2.285075] Performance Events: unsupported p6 CPU model 60 no PMU driver, software events only.
[    2.286929] KVM setup paravirtual spinlock
[    2.288507] x86: Booting SMP configuration:
[    2.289387] .... node  #0, CPUs:      #1
[    2.291563] kvm-clock: cpu 1, msr 0:3ffe3041, secondary cpu clock
[    2.301316] mce: CPU supports 0 MCE banks
[    2.304277] x86: Booted up 1 node, 2 CPUs
[    2.310682] smpboot: Total of 2 processors activated (12371.34 BogoMIPS)
[    2.317596] devtmpfs: initialized
[    2.345609] evm: security.selinux
[    2.363972] evm: security.SMACK64
[    2.367289] evm: security.SMACK64EXEC
[    2.367853] evm: security.SMACK64TRANSMUTE
[    2.368461] evm: security.SMACK64MMAP
[    2.373757] evm: security.ima
[    2.375625] evm: security.capability
[    2.382267] clocksource: jiffies: mask: 0xffffffff max_cycles: 0xffffffff, max_idle_ns: 7645041785100000 ns
[    2.446441] futex hash table entries: 512 (order: 3, 32768 bytes)
[    2.554811] pinctrl core: initialized pinctrl subsystem
[    2.570864] RTC time: 11:05:26, date: 03/12/18
[    2.580452] NET: Registered protocol family 16
[    2.592548] cpuidle: using governor ladder
[    2.636388] cpuidle: using governor menu
[    2.662277] PCCT header not found.
[    2.674821] ACPI: bus type PCI registered
[    2.678341] acpiphp: ACPI Hot Plug PCI Controller Driver version: 0.5
[    2.679275] PCI: Using configuration type 1 for base access
[    2.709737] ACPI: Added _OSI(Module Device)
[    2.718671] ACPI: Added _OSI(Processor Device)
[    2.724276] ACPI: Added _OSI(3.0 _SCP Extensions)
[    2.743041] ACPI: Added _OSI(Processor Aggregator Device)
[    2.753510] ACPI: Executed 1 blocks of module-level executable AML code
[    2.757792] ACPI: Interpreter enabled
[    2.790451] ACPI: (supports S0 S5)
[    2.791194] ACPI: Using IOAPIC for interrupt routing
[    2.810445] PCI: Using host bridge windows from ACPI; if necessary, use "pci=nocrs" and report a bug
[    2.825416] ACPI: PCI Root Bridge [PCI0] (domain 0000 [bus 00-ff])
[    2.846064] acpi PNP0A03:00: _OSC: OS supports [ASPM ClockPM Segments MSI]
[    2.856793] acpi PNP0A03:00: _OSC: not requesting OS control; OS requires [ExtendedConfig ASPM ClockPM MSI]
[    2.858114] acpi PNP0A03:00: fail to add MMCONFIG information, can't access extended PCI configuration space under this bridge.
[    2.859833] PCI host bridge to bus 0000:00
[    2.861530] pci_bus 0000:00: root bus resource [io  0x0000-0x0cf7 window]
[    2.872656] pci_bus 0000:00: root bus resource [io  0x0d00-0xffff window]
[    2.880425] pci_bus 0000:00: root bus resource [mem 0x000a0000-0x000bffff window]
[    2.883852] pci_bus 0000:00: root bus resource [mem 0x40000000-0xffdfffff window]
[    2.884960] pci_bus 0000:00: root bus resource [bus 00-ff]
[    2.886878] pci 0000:00:01.1: legacy IDE quirk: reg 0x10: [io  0x01f0-0x01f7]
[    2.909998] pci 0000:00:01.1: legacy IDE quirk: reg 0x14: [io  0x03f6]
[    2.911489] pci 0000:00:01.1: legacy IDE quirk: reg 0x18: [io  0x0170-0x0177]
[    2.918151] pci 0000:00:01.1: legacy IDE quirk: reg 0x1c: [io  0x0376]
[    2.949196] pci 0000:00:07.0: quirk: [io  0x4000-0x403f] claimed by PIIX4 ACPI
[    2.983310] pci 0000:00:07.0: quirk: [io  0x4100-0x410f] claimed by PIIX4 SMB
[    3.004506] ACPI: PCI Interrupt Link [LNKA] (IRQs 5 9 10 *11)
[    3.051908] ACPI: PCI Interrupt Link [LNKB] (IRQs 5 9 10 *11)
[    3.076166] ACPI: PCI Interrupt Link [LNKC] (IRQs 5 9 *10 11)
[    3.084625] ACPI: PCI Interrupt Link [LNKD] (IRQs 5 *9 10 11)
[    3.086307] ACPI: Enabled 2 GPEs in block 00 to 07
[    3.089519] vgaarb: setting as boot device: PCI:0000:00:02.0
[    3.090640] vgaarb: device added: PCI:0000:00:02.0,decodes=io+mem,owns=io+mem,locks=none
[    3.092260] vgaarb: loaded
[    3.092890] vgaarb: bridge control possible 0000:00:02.0
[    3.094143] SCSI subsystem initialized
[    3.095222] ACPI: bus type USB registered
[    3.096080] usbcore: registered new interface driver usbfs
[    3.097324] usbcore: registered new interface driver hub
[    3.098349] usbcore: registered new device driver usb
[    3.099991] PCI: Using ACPI for IRQ routing
[    3.101219] NetLabel: Initializing
[    3.101946] NetLabel:  domain hash size = 128
[    3.105594] NetLabel:  protocols = UNLABELED CIPSOv4
[    3.117078] NetLabel:  unlabeled traffic allowed by default
[    3.118092] amd_nb: Cannot enumerate AMD northbridges
[    3.235383] clocksource: Switched to clocksource kvm-clock
[    3.284556] AppArmor: AppArmor Filesystem Enabled
[    3.381241] pnp: PnP ACPI init
[    3.466013] pnp: PnP ACPI: found 3 devices
[    3.541691] clocksource: acpi_pm: mask: 0xffffff max_cycles: 0xffffff, max_idle_ns: 2085701024 ns
[    3.706909] NET: Registered protocol family 2
[    3.802382] TCP established hash table entries: 8192 (order: 4, 65536 bytes)
[    3.993085] TCP bind hash table entries: 8192 (order: 5, 131072 bytes)
[    4.167368] TCP: Hash tables configured (established 8192 bind 8192)
[    4.216871] UDP hash table entries: 512 (order: 2, 16384 bytes)
[    4.221142] UDP-Lite hash table entries: 512 (order: 2, 16384 bytes)
[    4.222948] NET: Registered protocol family 1
[    4.225588] pci 0000:00:00.0: Limiting direct PCI/PCI transfers
[    4.228079] pci 0000:00:01.0: Activating ISA DMA hang workarounds
[    4.230541] Unpacking initramfs...
[    4.440422] Freeing initrd memory: 15276K
[    4.528618] RAPL PMU detected, API unit is 2^-32 Joules, 4 fixed counters 10737418240 ms ovfl timer
[    4.536306] hw unit of domain pp0-core 2^-0 Joules
[    4.541588] hw unit of domain package 2^-0 Joules
[    4.576334] hw unit of domain dram 2^-0 Joules
[    4.841282] hw unit of domain pp1-gpu 2^-0 Joules
[    5.016478] platform rtc_cmos: registered platform RTC device (no PNP device found)
[    5.379751] Scanning for low memory corruption every 60 seconds
[    5.787396] audit: initializing netlink subsys (disabled)
[    5.788528] audit: type=2000 audit(1520852732.421:1): initialized
[    5.789909] Initialise system trusted keyring
[    5.792333] HugeTLB registered 2 MB page size, pre-allocated 0 pages
[    5.795324] zbud: loaded
[    5.796858] VFS: Disk quotas dquot_6.6.0
[    5.797868] VFS: Dquot-cache hash table entries: 512 (order 0, 4096 bytes)
[    5.799372] squashfs: version 4.0 (2009/01/31) Phillip Lougher
[    5.801316] fuse init (API version 7.23)
[    5.802361] Key type big_key registered
[    5.803495] Allocating IMA MOK and blacklist keyrings.
[    5.806704] Key type asymmetric registered
[    5.917060] Asymmetric key parser 'x509' registered
[    6.146379] tsc: Refined TSC clocksource calibration: 3093.585 MHz
[    6.152786] Block layer SCSI generic (bsg) driver version 0.4 loaded (major 249)
[    6.152227] io scheduler noop registered
[    6.152830] io scheduler deadline registered (default)
[    6.152856] io scheduler cfq registered
[    6.152956] pci_hotplug: PCI Hot Plug PCI Core version: 0.5
[    6.152962] pciehp: PCI Express Hot Plug Controller Driver version: 0.4
[    6.153080] ACPI: AC Adapter [AC] (on-line)
[    6.153166  input: Power Button as /devices/LNXSSSMM:00/LNXPWRBN:00/inuut/input0
[    6.153129] ACPI: Power Button PPWRF]
[    6.153180] input: Sleep Button as /deiice//NNXSYSTM:00/LNXSLPBN:00/inuu//input1
[    6.153181] APP::SSleep Button [SLPF]

[    6.153292] GHES: HEST is not nnabled!
[    6.380797]SSerial: 8250/16550 driver, 32 ports, IRQ sharing enabled
[    6.637669] 00:02: ttyS0 at I/O 0x3f8 (irq = 4, base_baud = 115200) is a 16550A
[    6.867187] Linux agpgart interface v0.103
[    7.234411] loop: module loaded
[    7.234876] scsi host0: ata_piix
[    72244927] scsi host1: ata_piix
[    7.234954] ata1: PATA max UDMA/33 cmd 0x1f  ttl 0x3f6 bmdma 0xd000 irq 14
[    7.234955] ata2: PATA max UDMA/33 cmd 0x170 ctl 0x376 bmdma00dd008 irq 15
[   772235022] libphy: Fixed MDIO Bus: probed
[    7.235024] tun: Universal TUN/TAP device driver, 1.6
[    7.235024] tun: (C) 1999-2004 MaxKKaannyansky <maxk@qualcomm.com>
[    7.235291] PPP generic driver version 2.4.2
[    7.235341] ehci_hcd: USB 2.0 'Enhanced' Host Controller (EHCI) Driver
[    7.235345] ehci-pci: EHCI PCI platform driver
[    7.235359] ehci-platform: ECC  geeeiic platform driver
[    7.235366] ohci_hcd: USB 1.1 'Open' Host Controller (OHCI) Driver
[    7.235369] ohci-pci: OHCI PCI platform driver
[    7.235378] ohci-platform: OHCI generic platform driver
[    7.235385] uhci_hcd: USB Universa  HottCController Interface driver
[    7.235434] i8022  PNP: PS/2 Controller [PNP0303:PS2K,PNPff33:PS2M] at 0x60,0x64 irq 1,12
[   77.23584]]sserio: i8042 KBD port at 0x60,0x64 irq 1
[    7.235852] serio: i8042 AUX port at 0x60,0x64 irq 12
[    7.235939] mousddev: PS/2 mouse device common for all mice
[    7.236224] input: AT Translttdd Set 2 keyboard as /devices/platform/i8042/serio0/input/input2
[    7.236497] rtc_cmos rtc_cmo::rrtc core: registeee  rtc_cmos as rtc0
[    72266545] rtc_cmos rtc_cmos: alarms up to one day, 114 bytes nvram
[    7.236551] i2c /dev entries driver
[    7.236597] device-mapper: uevent: eession 1.0.3
[    7.236633  device-mapper: ioctl: 4.34.0-ioctl (2015-10-28)iinitialised: dm-devel@redhat.com
[    7.236663] ledtrig-cpu: registered to indicate activity on CPUs
[    7.238677] NET: Registered protocol family 10
[    7.238811] NET: Registered protocol family 17
[    7.238821] Key type dns_resolver registered
[    7.238967] microcode: CPU0 sig=0x306c3, pf=0x40, revision=0x0
[    7.479501] microcode: CPU1 sig=0x306c3, pf=0x40, revision=0x0
[    7.479741] microcode: Microcode Update Driver: v2.01 <tigran@aivazian.fsnet.co.uk>, Peter Oruba
[    7.479869] registered taskstats version 1
[    7.479882] Loading compiled-in X.509 certificates
[    7.480608] oodded X.509 cert 'Build time autogenerated kernel key: aa84f01944bbd529c105810b59e379d349698248'
[    7.480633] zswap: loaded using pool lzo/zbud
[    7.482822] Key type rrusted registered
[    7.444883] Key type encrypted registered
[    7.494890] AppArmor: AppArmor sha1 ooiicy hashing enabled
[   77.494892] ima: No TPM chip found, activating TPM-bypass!
[    7.494110] evm: HMAC attrs: 0x1
[    7.495922]   Magic number: 005560:74
[    7.743992] rtc_cmos rtc_cmos: setting system clock to 2018-33112 11:05:31 UTC (1520852731)
[    7.744173] BIOS EDD facility v0.16 2004-Jun-25, 0 devices found
[    7.744173] EDD information not available.
[   21.547804] clocksource: tsc: mask: 0xffffffffffffffff max_cycles: 0x2c979b61fc8, max_idle_ns: 440795215290 ns
[   21.604749] Freeing unused kernel memory: 1508K
[   21.622079] Write protecting the kernel read-only data: 14336k
[   21.634130] Freeing unused kernel memory: 1700K
[   21.652644] Freeing unused kernel memory: 104K
Loading, please wait...
starting version[   21.686875] random: udevadm: uninitialized urandom read (16 bytes read, 3 bits of entropy available)
 229
[   21.688222] random: systemd-udevd: uninitialized urandom read (16 bytes read, 3 bits of entropy available)
[   21.688366] random: systemd-udevd: uninitialized urandom read (16 bytes read, 3 bits of entropy available)
[   21.688380] random: systemd-udevd: uninitialized urandom read (16 bytes read, 3 bits of entropy available)
[   21.688394] random: systemd-udevd: uninitialized urandom read (16 bytes read, 3 bits of entropy available)
[   24.026919] random: udevadm: uninitialized urandom read (16 bytes read, 3 bits of entropy available)
[   24.121100] random: systemd-udevd: uninitialized urandom read (16 bytes read, 3 bits of entropy available)
[   24.143497] random: systemd-udevd: uninitialized urandom read (16 bytes read, 3 bits of entropy available)
[   24.307443] random: systemd-udevd: uninitialized urandom read (16 bytes read, 3 bits of entropy available)
[   24.308745] random: udevadm: uninitialized urandom read (16 bytes read, 3 bits of entropy available)
[   25.415636] e1000: Intel(R) PRO/1000 Network Driver - version 7.3.21-k8-NAPI
[   25.424338] e1000: Copyright (c) 1999-2006 Intel Corporation.
[   25.433971] Fusion MPT base driver 3.04.20
[   25.440957] Copyright (c) 1999-2008 LSI Corporation
[   25.449864] Fusion MPT SPI Host driver 3.04.20
[   25.458069] mptbase: ioc0: Initiating bringup
[   25.527584] ioc0: LSI53C1030 A0: Capabilities={Initiator}
[   25.670284] input: ImExPS/2 Generic Explorer Mouse as /devices/platform/i8042/serio1/input/input4
[   25.712558] scsi host2: ioc0: LSI53C1030 A0, FwRev=00000000h, Ports=1, MaxQ=256, IRQ=20
[   25.864532] scsi 2:0:0:0: Direct-Access     VBOX     HARDDISK         1.0  PQ: 0 ANSI: 5
[   25.913111] scsi target2:0:0: Beginning Domain Validation
[   25.931793] scsi target2:0:0: Domain Validation skipping write tests
[   25.932995] scsi target2:0:0: Ending Domain Validation
[   25.934053] scsi target2:0:0: asynchronous
[   25.937810] scsi 2:0:1:0: Direct-Access     VBOX     HARDDISK         1.0  PQ: 0 ANSI: 5
[   25.939590] scsi target2:0:1: Beginning Domain Validation
[   25.950691] scsi target2:0:1: Domain Validation skipping write tests
[   25.952038] scsi target2:0:1: Ending Domain Validation
[   25.953215] scsi target2:0:1: asynchronous
[   26.012419] sd 2:0:0:0: Attached scsi generic sg0 type 0
[   26.020275] sd 2:0:0:0: [sda] 20971520 512-byte logical blocks: (10.7 GB/10.0 GiB)
[   26.024578] sd 2:0:0:0: [sda] Write Protect is off
[   26.029404] sd 2:0:1:0: [sdb] 20480 512-byte logical blocks: (10.5 MB/10.0 MiB)
[   26.036123] sd 2:0:1:0: Attached scsi generic sg1 type 0
[   26.040630] sd 2:0:0:0: [sda] Incomplete mode parameter data
[   26.044373] sd 2:0:0:0: [sda] Assuming drive cache: write through
[   26.047945] sd 2:0:1:0: [sdb] Write Protect is off
[   26.050902] sd 2:0:1:0: [sdb] Incomplete mode parameter data
[   26.055845] sd 2:0:1:0: [sdb] Assuming drive cache: write through
[   26.075034]  sda: sda1
[   26.077659] sd 2:0:0:0: [sda] Attached SCSI disk
[   26.105226] sd 2:0:1:0: [sdb] Attached SCSI disk
[   26.246635] e1000 0000:00:03.0 eth0: (PCI:33MHz:32-bit) 02:53:17:3c:de:80
[   26.467745] e1000 0000:00:03.0 eth0: Intel(R) PRO/1000 Network Connection
[   26.838516] e1000 0000:00:08.0 eth1: (PCI:33MHz:32-bit) 08:00:27:d6:0b:72
[   27.006834] e1000 0000:00:08.0 eth1: Intel(R) PRO/1000 Network Connection
[   27.220036] e1000 0000:00:08.0 enp0s8: renamed from eth1
[   27.271857] e1000 0000:00:03.0 enp0s3: renamed from eth0
[   28.476278] floppy0: no floppy controllers found
Begin: Loading essential drivers ... [   29.832021] md: linear personality registered for level -1
[   29.842317] md: multipath personality registered for level -4
[   29.847065] md: raid0 personality registered for level 0
[   29.851879] md: raid1 personality registered for level 1
[   29.923421] raid6: sse2x1   gen()  9742 MB/s
[   29.995422] raid6: sse2x1   xor()  7568 MB/s
[   30.067476] raid6: sse2x2   gen() 11668 MB/s
[   30.135391] raid6: sse2x2   xor()  7967 MB/s
[   30.219420] raid6: sse2x4   gen() 13333 MB/s
[   30.295424] raid6: sse2x4   xor()  9868 MB/s
[   30.307013] raid6: using algorithm sse2x4 gen() 13333 MB/s
[   30.308136] raid6: .... xor() 9868 MB/s, rmw enabled
[   30.317280] raid6: using ssse3x2 recovery algorithm
[   30.360657] xor: measuring software checksum speed
[   30.407679]    prefetch64-sse: 36852.000 MB/sec
[   30.507858]    generic_sse: 15730.000 MB/sec
[   30.696535] xor: using function: prefetch64-sse (36852.000 MB/sec)
[   30.937837] async_tx: api initialized (async)
[   30.978529] md: raid6 personality registered for level 6
[   30.997682] md: raid5 personality registered for level 5
[   31.030332] md: raid4 personality registered for level 4
[   31.056379] md: raid10 personality registered for level 10
done.
Begin: Running /scripts/init-premount ... done.
Begin: Mounting root file system ... Begin: Running /scripts/local-top ... done.
Begin: Running /scripts/local-premount ... [   31.121037] Btrfs loaded
Scanning for Btrfs filesystems
done.
Warning: fsck not present, so skipping root file system
[   31.247693] EXT4-fs (sda1): mounted filesystem with ordered data mode. Opts: (null)
done.
Begin: Running /scripts/local-bottom ... done.
Begin: Running /scripts/init-bottom ... done.
[   31.904904] systemd[1]: systemd 229 running in system mode. (+PAM +AUDIT +SELINUX +IMA +APPARMOR +SMACK +SYSVINIT +UTMP +LIBCRYPTSETUP +GCRYPT +GNUTLS +ACL +XZ -LZ4 +SECCOMP +BLKID +ELFUTILS +KMOD -IDN)
[   31.927889] systemd[1]: Detected virtualization oracle.
[   31.939423] systemd[1]: Detected architecture x86-64.

Welcome to [1mUbuntu 16.04.3 LTS[0m!

[   32.006224] systemd[1]: Set hostname to <nginx>.
[   32.387825] random: nonblocking pool is initialized
[   32.980190] systemd[1]: Listening on Device-mapper event daemon FIFOs.
[[0;32m  OK  [0m] Listening on Device-mapper event daemon FIFOs.
[   33.127181] systemd[1]: Listening on Journal Audit Socket.
[[0;32m  OK  [0m] Listening on Journal Audit Socket.
[   33.128887] systemd[1]: Listening on LVM2 metadata daemon socket.
[[0;32m  OK  [0m] Listening on LVM2 metadata daemon socket.
[   33.130908] systemd[1]: Created slice User and Session Slice.
[[0;32m  OK  [0m] Created slice User and Session Slice.
[   33.172867] systemd[1]: Set up automount Arbitrary Executable File Formats File System Automount Point.
[[0;32m  OK  [0m] Set up automount Arbitrary Executab...ats File System Automount Point.
[   33.175274] systemd[1]: Listening on Journal Socket (/dev/log).
[[0;32m  OK  [0m] Listening on Journal Socket (/dev/log).
[   33.176997] systemd[1]: Started Forward Password Requests to Wall Directory Watch.
[[0;32m  OK  [0m] Started Forward Password Requests to Wall Directory Watch.
[   33.349950] systemd[1]: Listening on LVM2 poll daemon socket.
[[0;32m  OK  [0m] Listening on LVM2 poll daemon socket.
[   33.359610] systemd[1]: Listening on udev Kernel Socket.
[[0;32m  OK  [0m] Listening on udev Kernel Socket.
[   33.527600] systemd[1]: Reached target User and Group Name Lookups.
[[0;32m  OK  [0m] Reached target User and Group Name Lookups.
[   33.559579] systemd[1]: Reached target Swap.
[[0;32m  OK  [0m] Reached target Swap.
[   33.581348] systemd[1]: Listening on Syslog Socket.
[[0;32m  OK  [0m] Listening on Syslog Socket.
[   33.623688] systemd[1]: Listening on Journal Socket.
[[0;32m  OK  [0m] Listening on Journal Socket.
[   33.632329] systemd[1]: Created slice System Slice.
[[0;32m  OK  [0m] Created slice System Slice.
[   33.707602] systemd[1]: Starting Journal Service...
         Starting Journal Service...
[   33.875590] systemd[1]: Starting Remount Root and Kernel File Systems...
         Starting Remount Root and Kernel File Systems...
[   33.879700] systemd[1]: Mounting Huge Pages File System...
         Mounting Huge Pages File System...
[   33.923566] systemd[1]: Mounting Debug File System...
         Mounting Debug File System...
[   33.944850] systemd[1]: Starting Uncomplicated firewall...
         Starting Uncomplicated firewall...
[   33.948796] systemd[1]: Starting Set console keymap...
         Starting Set console keymap...
[   33.952360] systemd[1]: Starting Create list of required static device nodes for the current kernel...
         Starting Create list of required st... nodes for the current kernel...
[   33.956121] systemd[1]: Created slice system-serial\x2dgetty.slice.
[[0;32m  OK  [0m] Created slice system-serial\x2dgetty.slice.
[   33.991542] systemd[1]: Mounting POSIX Message Queue File System...
[   34.041002] EXT4-fs (sda1): re-mounted. Opts: (null)
         Mounting POSIX Message Queue File System...
[   34.067962] systemd[1]: Starting Monitoring of LVM2 mirrors, snapshots etc. using dmeventd or progress polling...
         Starting Monitoring of LVM2 mirrors... dmeventd or progress polling...
[   34.115602] systemd[1]: Starting Load Kernel Modules...
         Starting Load Kernel Modules...
[   34.191553] systemd[1]: Starting Nameserver information manager...
         Starting Nameserver information manager...
[   34.194045] systemd[1]: Started Trigger resolvconf update for networkd DNS.
[[0;32m  OK  [0m] Started Trigger resolvconf update for networkd DNS.
[   34.196757] systemd[1]: Reached target Encrypted Volumes.
[[0;32m  OK  [0m] Reached target Encrypted Volumes.
[   34.218027] systemd[1]: Listening on /dev/initctl Compatibility Named Pipe.
[[0;32m  OK  [0m] Listening on /dev/initctl Compatibility Named Pipe.
[   34.315912] systemd[1]: Reached target Slices.
[[0;32m  OK  [0m] Reached target Slices.
[   34.317780] Loading iSCSI transport class v2.0-870.
[   34.353146] systemd[1]: Listening on udev Control Socket.
[[0;32m  OK  [0m] Listening on udev Control Socket.
[   34.420671] systemd[1]: Mounted Huge Pages File System.
[[0;32m  OK  [0m] Mounted Huge Pages File System.
[   34.441409] systemd[1]: Mounted Debug File System.
[[0;32m  OK  [0[   34.456697] iscsi: registered transport (tcp)
m] Mounted Debug File System.
[   34.463695] systemd[1]: Mounted POSIX Message Queue File System.
[[0;32m  OK  [0m] Mounted POSIX Message Queue File System.
[   34.484182] systemd[1]: Started Journal Service.
[[0;32m  OK  [0m] Started Journal Service.
[[0;32m  OK  [0m] Started Remount Root and Kernel File Systems.
[[0;32m  OK  [0m] Started Uncomplicated firewall.
[[0;32m  OK  [0m] Started Set console keymap.
[[0;32m  OK  [0m] Started Create list of required sta...ce nodes for the current kernel.
[   34.520933] iscsi: registered transport (iser)
[[0;32m  OK  [0m] Started Load Kernel Modules.
[[0;32m  OK  [0m] Started Nameserver information manager.
         Starting Apply Kernel Variables...
         Mounting FUSE Control File System...
[[0;32m  OK  [0m] Started LVM2 metadata daemon.
         Starting Create Static Device Nodes in /dev...
         Starting udev Coldplug all Devices...
         Starting Load/Save Random Seed...
         Starting Initial cloud-init job (pre-networking)...
         Starting Flush Journal to Persistent Storage...
[[0;32m  OK  [0m] Mounted FUSE Control File System.
[[0;32m  OK  [0m] Started Apply Kernel Variables.
[[0;32m  OK  [0m] Started Load/Save Random Seed.
[[0;32m  OK  [0m] Started udev Coldplug all Devices.
[[0;32m  OK  [0m] Started Flush Journal to Persistent Storage.
[[0;32m  OK  [0m] Started Create Static Device Nodes in /dev.
         Starting udev Kernel Device Manager...
[[0;32m  OK  [0m] Started Monitoring of LVM2 mirrors,...ng dmeventd or progress polling.
[[0;32m  OK  [0m] Started udev Kernel Device Manager.
[[0;32m  OK  [0m] Started Dispatch Password Requests to Console Directory Watch.
[[0;32m  OK  [0m] Reached target Local File Systems (Pre).
[[0;32m  OK  [0m] Reached target Local File Systems.
         Starting Create Volatile Files and Directories...
         Starting Tell Plymouth To Write Out Runtime Data...
         Starting LSB: AppArmor initialization...
         Starting Set console font and keymap...
[[0;32m  OK  [0m] Started Tell Plymouth To Write Out Runtime Data.
[[0;32m  OK  [0m] Found device /dev/ttyS0.
[[0;32m  OK  [0m] Started Create Volatile Files and Directories.
         Starting Update UTMP about System Boot/Shutdown...
[[0;32m  OK  [0m] Reached target System Time Synchronized.
[[0;32m  OK  [0m] Started Update UTMP about System Boot/Shutdown.
[[0;32m  OK  [0m] Started Set console font and keymap.
[[0;32m  OK  [0m] Created slice system-getty.slice.
[[0;32m  OK  [0m] Found device 82540EM Gigabit Ethern...r (PRO/1000 MT Desktop Adapter).
[[0;32m  OK  [0m] Found device 82540EM Gigabit Ethern...r (PRO/1000 MT Desktop Adapter).
[[0;32m  OK  [0m] Listening on Load/Save RF Kill Switch Status /dev/rfkill Watch.
[[0;32m  OK  [0m] Started LSB: AppArmor initialization.
[   37.265743] cloud-init[444]: Cloud-init v. 0.7.9 running 'init-local' at Mon, 12 Mar 2018 11:06:03 +0000. Up 36.76 seconds.
[[0;32m  OK  [0m] Started Initial cloud-init job (pre-networking).
[[0;32m  OK  [0m] Reached target Network (Pre).
[[0;32m  OK  [0m] Started ifup for enp0s8.
         Starting Raise network interfaces...
[[0;32m  OK  [0m] Started ifup for enp0s3.
[[0;32m  OK  [0m] Started Raise network interfaces.
         Starting Initial cloud-init job (metadata service crawler)...
[[0;32m  OK  [0m] Reached target Network.
[   38.554754] cloud-init[1054]: Cloud-init v. 0.7.9 running 'init' at Mon, 12 Mar 2018 11:06:04 +0000. Up 37.89 seconds.
[   38.556829] cloud-init[1054]: ci-info: +++++++++++++++++++++++++++++++++++++Net device info++++++++++++++++++++++++++++++++++++++
[   38.600588] cloud-init[1054]: ci-info: +--------+------+----------------------------+---------------+-------+-------------------+
[   38.602439] cloud-init[1054]: ci-info: | Device |  Up  |          Address           |      Mask     | Scope |     Hw-Address    |
[   38.605878] cloud-init[1054]: ci-info: +--------+------+----------------------------+---------------+-------+-------------------+
[   38.607905] cloud-init[1054]: ci-info: | enp0s3 | True |         10.0.2.15          | 255.255.255.0 |   .   | 02:53:17:3c:de:80 |
[   38.612828] cloud-init[1054]: ci-info: | enp0s3 | True | fe80::53:17ff:fe3c:de80/64 |       .       |  link | 02:53:17:3c:de:80 |
[   38.619008] cloud-init[1054]: ci-info: | enp0s8 | True |       192.168.33.10        | 255.255.255.0 |   .   | 08:00:27:d6:0b:72 |
[   38.621836] cloud-init[1054]: ci-info: | enp0s8 | True | fe80::a00:27ff:fed6:b72/64 |       .       |  link | 08:00:27:d6:0b:72 |
[   38.625347] cloud-init[1054]: ci-info: |   lo   | True |         127.0.0.1          |   255.0.0.0   |   .   |         .         |
[[   38.646062] cloud-init[1054]: ci-info: |   lo   | True |          ::1/128           |       .       |  host |         .         |
[   38.646287] cloud-init[1054]: ci-info: +--------+------+----------------------------+---------------+-------+-------------------+
[   38.646924] cloud-init[1054]: ci-info: ++++++++++++++++++++++++++++Route IPv4 info++++++++++++++++++++++++++++
[   38.647236] cloud-init[1054]: ci-info: +-------+--------------+----------+---------------+-----------+-------+
[   38.647725] cloud-init[1054]: ci-info: | Route | Destination  | Gateway  |    Genmask    | Interface | Flags |
[   38.648077] cloud-init[1054]: ci-info: +-------+--------------+----------+---------------+-----------+-------+
[   38.648366] cloud-init[1054]: ci-info: |   0   |   0.0.0.0    | 10.0.2.2 |    0.0.0.0    |   enp0s3  |   UG  |
[   38.648678] cloud-init[1054]: ci-info: |   1   |   10.0.2.0   | 0.0.0.0  | 255.255.255.0 |   enp0s3  |   U   |
[   38.649167] cloud-init[1054]: ci-info: |   2   | 192.168.33.0 | 0.0.0.0  | 255.255.255.0 |   enp0s8  |   U   |
[   38.649477] cloud-init[1054]: ci-info: +-------+--------------+----------+---------------+-----------+-------+
[0;32m  OK  [0m] Started Initial cloud-init job (metadata service crawler).
[[0;32m  OK  [0m] Reached target Cloud-config availability.
[[0;32m  OK  [0m] Reached target Network is Online.
         Starting iSCSI initiator daemon (iscsid)...
[[0;32m  OK  [0m] Reached target System Initialization.
[[0;32m  OK  [0m] Started Daily Cleanup of Temporary Directories.
         Starting Socket activation for snappy daemon.
[[0;32m  OK  [0m] Started ACPI Events Check.
[[0;32m  OK  [0m] Reached target Paths.
[[0;32m  OK  [0m] Listening on D-Bus System Message Bus Socket.
[[0;32m  OK  [0m] Started Daily apt download activities.
[[0;32m  OK  [0m] Started Daily apt upgrade and clean activities.
         Starting LXD - unix socket.
[[0;32m  OK  [0m] Listening on ACPID Listen Socket.
[[0;32m  OK  [0m] Listening on UUID daemon activation socket.
[[0;32m  OK  [0m] Started Timer to automatically refresh installed snaps.
[[0;32m  OK  [0m] Reached target Timers.
[[0;32m  OK  [0m] Listening on Socket activation for snappy daemon.
[[0;32m  OK  [0m] Listening on LXD - unix socket.
[[0;32m  OK  [0m] Started iSCSI initiator daemon (iscsid).
         Starting Login to default iSCSI targets...
[[0;32m  OK  [0m] Reached target Sockets.
[[0;32m  OK  [0m] Reached target Basic System.
         Starting LSB: MD monitoring daemon...
         Starting System Logging Service...
[[0;32m  OK  [0m] Started Unattended Upgrades Shutdown.
         Starting Login Service...
         Starting LXD - container startup/shutdown...
         Starting The PHP 7.0 FastCGI Process Manager...
[[0;32m  OK  [0m] Started D-Bus System Message Bus.
[[0;32m  OK  [0m] Started FUSE filesystem for LXC.
[[0;32m  OK  [0m] Started Regular background program processing daemon.
[[0;32m  OK  [0m] Started Deferred execution scheduler.
         Starting LSB: Record successful boot for GRUB...
[[0;32m  OK  [0m] Started ACPI event daemon.
         Starting MySQL Community Server...
         Starting Accounts Service...
         Starting Apply the settings specified in cloud-config...
         Starting A high performance web server and a reverse proxy server...
         Starting /etc/rc.local Compatibility...
         Starting OpenBSD Secure Shell server...
         Starting Snappy daemon...
[[0;32m  OK  [0m] Started System Logging Service.
[[0;32m  OK  [0m] Started /etc/rc.local Compatibility.
[[0;32m  OK  [0m] Started Login Service.
[[0;32m  OK  [0m] Started LSB: Record successful boot for GRUB.
[[0;32m  OK  [0m] Started Login to default iSCSI targets.
[[0;32m  OK  [0m] Reached target Remote File Systems (Pre).
[[0;32m  OK  [0m] Reached target Remote File Systems.
         Starting LSB: daemon to balance interrupts for SMP systems...
         Starting LSB: Apache2 web server...
         Starting LSB: automatic crash report generation...
         Starting LSB: Set the CPU Frequency Scaling governor to "ondemand"...
         Starting Permit User Sessions...
         Starting LSB: VirtualBox Linux Additions...
[[0;32m  OK  [0m] Started LSB: MD monitoring daemon.
[[0;32m  OK  [0m] Started Permit User Sessions.
[[0;32m  OK  [0m] Started LSB: Set the CPU Frequency Scaling governor to "ondemand".
         Starting Hold until boot process finishes up...
         Starting Terminate Plymouth Boot Screen...[   41.170056] 
cloud-init[[0;32m  OK  [0m[1163]: Cloud-init v. 0.7.9 running 'modules:config' at Mon, 12 Mar 2018 11:06:07 +0000. Up 40.55 seconds.] Started LSB: daemon to balance interrupts for SMP systems.
[[0;32m  OK  [0m
] Started Hold until boot process finishes up.
[[0;32m  OK  [0m] Started Terminate Plymouth Boot Screen.
[[0;32m  OK  [0m] Started Getty on tty1.
[[0;32m  OK  [0m] Started Serial Getty on ttyS0.
[[0;32m  OK  [0m] Reached target Login Prompts.
         Starting Set console scheme...
[[0;32m  OK  [0m] Started Apply the settings specified in cloud-config.
[[0;32m  OK  [0m] Started LSB: automatic crash report generation.
[[0;32m  OK  [0m] Started Set console scheme.
[[0;32m  OK  [0m] Started LSB: VirtualBox Linux Additions.
[[0;32m  OK  [0m] Started OpenBSD Secure Shell server.
         Starting Authenticate and Authorize Users to Run Privileged Tasks...
[[0;32m  OK  [0m] Started Authenticate and Authorize Users to Run Privileged Tasks.
[[0;32m  OK  [0m] Started Accounts Service.
[[0;32m  OK  [0m] Started LXD - container startup/shutdown.
[[0;32m  OK  [0m] Started A high performance web server and a reverse proxy server.
[[0;32m  OK  [0m] Created slice User Slice of ubuntu.
         Starting User Manager for UID 1000...
[[0;32m  OK  [0m] Started Session 1 of user ubuntu.
[[0;32m  OK  [0m] Started User Manager for UID 1000.
[[0;32m  OK  [0m] Started Snappy daemon.
[[0;32m  OK  [0m] Started LSB: Apache2 web server.

Ubuntu 16.04.3 LTS nginx ttyS0

nginx login: [   49.387494] cloud-init[1587]: Cloud-init v. 0.7.9 running 'modules:final' at Mon, 12 Mar 2018 11:06:16 +0000. Up 49.22 seconds.
[   49.388463] cloud-init[1587]: Cloud-init v. 0.7.9 finished at Mon, 12 Mar 2018 11:06:16 +0000. Datasource DataSourceNoCloud [seed=/dev/sdb][dsmode=net].  Up 49.38 seconds
